 
****************************************
Report : area
Design : controller
Version: O-2018.06-SP1
Date   : Fri Apr 21 22:25:12 2023
****************************************

Library(s) Used:

    ss_1v62_125c (File: /home/eng/x/xxw122030/synopsys/ss_1v62_125c.db)

Number of ports:                           11
Number of nets:                             9
Number of cells:                            8
Number of combinational cells:              1
Number of sequential cells:                 7
Number of macros/black boxes:               0
Number of buf/inv:                          0
Number of references:                       2

Combinational area:                 10.976000
Buf/Inv area:                        0.000000
Noncombinational area:              85.612799
Macro/Black Box area:                0.000000
Net Interconnect area:      undefined  (No wire load specified)

Total cell area:                    96.588799
Total area:                 undefined
1
