 
****************************************
Report : qor
Design : controller
Version: O-2018.06-SP1
Date   : Fri Apr 21 22:25:12 2023
****************************************


  Timing Path Group (none)
  -----------------------------------
  Levels of Logic:               1.00
  Critical Path Length:          0.15
  Critical Path Slack:         uninit
  Critical Path Clk Period:       n/a
  Total Negative Slack:          0.00
  No. of Violating Paths:        0.00
  Worst Hold Violation:          0.00
  Total Hold Violation:          0.00
  No. of Hold Violations:        0.00
  -----------------------------------


  Cell Count
  -----------------------------------
  Hierarchical Cell Count:          0
  Hierarchical Port Count:          0
  Leaf Cell Count:                  4
  Buf/Inv Cell Count:               0
  Buf Cell Count:                   0
  Inv Cell Count:                   0
  CT Buf/Inv Cell Count:            0
  Combinational Cell Count:         1
  Sequential Cell Count:            3
  Macro Count:                      0
  -----------------------------------


  Area
  -----------------------------------
  Combinational Area:       10.976000
  Noncombinational Area:    85.612799
  Buf/Inv Area:              0.000000
  Total Buffer Area:             0.00
  Total Inverter Area:           0.00
  Macro/Black Box Area:      0.000000
  Net Area:                  0.000000
  -----------------------------------
  Cell Area:                96.588799
  Design Area:              96.588799


  Design Rules
  -----------------------------------
  Total Number of Nets:             9
  Nets With Violations:             0
  Max Trans Violations:             0
  Max Cap Violations:               0
  -----------------------------------


  Hostname: engnx05a.utdallas.edu

  Compile CPU Statistics
  -----------------------------------------
  Resource Sharing:                    0.00
  Logic Optimization:                  0.00
  Mapping Optimization:                0.02
  -----------------------------------------
  Overall Compile Time:                1.31
  Overall Compile Wall Clock Time:     1.69

  --------------------------------------------------------------------

  Design  WNS: 0.00  TNS: 0.00  Number of Violating Paths: 0


  Design (Hold)  WNS: 0.00  TNS: 0.00  Number of Violating Paths: 0

  --------------------------------------------------------------------


1
